<?xml version="1.0" encoding="UTF-8"?>
<!-- Generated by org.testng.reporters.JUnitXMLReporter -->
<testsuite hostname="IBM200-PC07QF34" ignored="0" name="Default test" tests="6" failures="0" timestamp="08 Aug 2019 13:09:47 GMT" time="0.175" errors="0">
  <testcase name="E" time="0.022" classname="Webdriver.demo19_tstNG"/>
  <testcase name="F" time="0.004" classname="Webdriver.demo19_tstNG"/>
  <testcase name="G" time="0.004" classname="Webdriver.demo19_tstNG"/>
  <testcase name="A" time="0.004" classname="Webdriver.demo19_tstNG"/>
  <testcase name="B" time="0.003" classname="Webdriver.demo19_tstNG"/>
  <testcase name="C" time="0.004" classname="Webdriver.demo19_tstNG"/>
</testsuite> <!-- Default test -->
